2026-02-11 16:39:42,306 | INFO | mintsoft_service | Starting to fetch Mintsoft orders
2026-02-11 16:39:42,307 | ERROR | mintsoft_service | Error fetching Mintsoft orders: list indices must be integers or slices, not str
2026-02-11 16:41:19,252 | INFO | mintsoft_service | Starting to fetch Mintsoft orders
2026-02-11 16:41:19,253 | ERROR | mintsoft_service | Error fetching Mintsoft orders: list indices must be integers or slices, not str
2026-02-11 16:42:54,051 | INFO | mintsoft_service | Starting to fetch Mintsoft orders
2026-02-11 16:42:54,052 | ERROR | mintsoft_service | Error fetching Mintsoft orders: list indices must be integers or slices, not str
2026-02-11 16:48:58,319 | INFO | mintsoft_service | Starting to fetch Mintsoft orders
2026-02-11 16:48:58,321 | ERROR | mintsoft_service | Error fetching Mintsoft orders: list indices must be integers or slices, not str
2026-02-11 16:49:13,841 | INFO | mintsoft_service | Starting to fetch Mintsoft orders
2026-02-11 16:49:13,841 | ERROR | mintsoft_service | Error fetching Mintsoft orders: list indices must be integers or slices, not str
2026-02-11 16:53:38,854 | INFO | mintsoft_service | Starting to fetch Mintsoft orders
2026-02-11 16:55:41,557 | INFO | mintsoft_service | Starting to fetch Mintsoft orders
2026-02-11 16:57:15,616 | INFO | mintsoft_service | Starting to fetch Mintsoft orders
2026-02-11 16:57:16,168 | INFO | mintsoft_service | Fetching orders with status ID: 4
2026-02-11 16:57:16,653 | INFO | mintsoft_service | Fetched 7 orders with status ID 4 from Mintsoft
2026-02-11 16:57:16,654 | INFO | mintsoft_service | Fetching orders with status ID: 5
2026-02-11 16:57:17,100 | INFO | mintsoft_service | Fetched 7 orders with status ID 5 from Mintsoft
2026-02-11 16:57:17,101 | INFO | mintsoft_service | Fetching orders with status ID: 6
2026-02-11 16:57:17,574 | INFO | mintsoft_service | Fetched 7 orders with status ID 6 from Mintsoft
2026-02-11 16:57:17,574 | INFO | mintsoft_service | Fetched 21 orders from Mintsoft
2026-02-11 17:16:04,828 | INFO | mintsoft_service | Starting to fetch Mintsoft orders
2026-02-11 17:16:05,172 | INFO | mintsoft_service | Fetching orders with status ID: 4
2026-02-11 17:16:06,457 | INFO | mintsoft_service | Fetched 7 orders with status ID 4 from Mintsoft
2026-02-11 17:16:06,457 | INFO | mintsoft_service | Fetching orders with status ID: 5
2026-02-11 17:16:06,932 | INFO | mintsoft_service | Fetched 7 orders with status ID 5 from Mintsoft
2026-02-11 17:16:06,932 | INFO | mintsoft_service | Fetching orders with status ID: 6
2026-02-11 17:16:07,368 | INFO | mintsoft_service | Fetched 7 orders with status ID 6 from Mintsoft
2026-02-11 17:16:07,368 | INFO | mintsoft_service | Fetched 21 orders from Mintsoft
2026-02-11 17:20:54,473 | INFO | mintsoft_service | Starting to fetch Mintsoft orders
2026-02-11 17:20:54,828 | INFO | mintsoft_service | Fetching orders with status ID: 4
2026-02-11 17:20:55,294 | INFO | mintsoft_service | Fetched 7 orders with status ID 4 from Mintsoft
2026-02-11 17:20:55,294 | INFO | mintsoft_service | Fetching orders with status ID: 5
2026-02-11 17:20:55,792 | INFO | mintsoft_service | Fetched 7 orders with status ID 5 from Mintsoft
2026-02-11 17:20:55,792 | INFO | mintsoft_service | Fetching orders with status ID: 6
2026-02-11 17:20:56,271 | INFO | mintsoft_service | Fetched 7 orders with status ID 6 from Mintsoft
2026-02-11 17:20:56,271 | INFO | mintsoft_service | Fetched 21 orders from Mintsoft
2026-02-11 17:20:56,274 | INFO | mintsoft_service | Starting to match RMA order with Mintsoft orders
2026-02-11 17:20:56,274 | WARNING | mintsoft_service | No matching order found in Mintsoft for RMA order name: 4270369
2026-02-11 17:22:22,507 | INFO | mintsoft_service | Starting to fetch Mintsoft orders
2026-02-11 17:22:23,061 | INFO | mintsoft_service | Fetching orders with status ID: 4
2026-02-11 17:22:23,515 | INFO | mintsoft_service | Fetched 7 orders with status ID 4 from Mintsoft
2026-02-11 17:22:23,515 | INFO | mintsoft_service | Fetching orders with status ID: 5
2026-02-11 17:22:23,934 | INFO | mintsoft_service | Fetched 7 orders with status ID 5 from Mintsoft
2026-02-11 17:22:23,934 | INFO | mintsoft_service | Fetching orders with status ID: 6
2026-02-11 17:22:24,374 | INFO | mintsoft_service | Fetched 7 orders with status ID 6 from Mintsoft
2026-02-11 17:22:24,375 | INFO | mintsoft_service | Fetched 21 orders from Mintsoft
2026-02-11 17:22:24,375 | INFO | mintsoft_service | Starting to match RMA order with Mintsoft orders
2026-02-11 17:22:24,375 | INFO | mintsoft_service | Found matching order in Mintsoft for RMA order name: TEST CLIENT-1917-Copy
2026-02-16 17:35:31,415 | INFO | mintsoft_service | Starting to fetch Mintsoft orders
2026-02-16 17:35:33,710 | INFO | mintsoft_service | Fetching orders with status ID: 4
2026-02-16 17:35:34,457 | INFO | mintsoft_service | Fetched 13 orders with status ID 4 from Mintsoft
2026-02-16 17:35:34,457 | INFO | mintsoft_service | Fetching orders with status ID: 5
2026-02-16 17:35:34,949 | INFO | mintsoft_service | Fetched 13 orders with status ID 5 from Mintsoft
2026-02-16 17:35:34,949 | INFO | mintsoft_service | Fetching orders with status ID: 6
2026-02-16 17:35:36,245 | INFO | mintsoft_service | Fetched 13 orders with status ID 6 from Mintsoft
2026-02-16 17:35:36,246 | INFO | mintsoft_service | Fetched 39 orders from Mintsoft
2026-02-16 17:35:36,246 | INFO | mintsoft_service | Starting to match RMA order with Mintsoft orders
2026-02-16 17:35:36,246 | WARNING | mintsoft_service | No matching order found in Mintsoft for RMA order name: None
2026-02-16 17:36:08,747 | INFO | mintsoft_service | Starting to fetch Mintsoft orders
2026-02-16 17:36:09,260 | INFO | mintsoft_service | Fetching orders with status ID: 4
2026-02-16 17:36:10,053 | INFO | mintsoft_service | Fetched 13 orders with status ID 4 from Mintsoft
2026-02-16 17:36:10,053 | INFO | mintsoft_service | Fetching orders with status ID: 5
2026-02-16 17:36:10,914 | INFO | mintsoft_service | Fetched 13 orders with status ID 5 from Mintsoft
2026-02-16 17:36:10,914 | INFO | mintsoft_service | Fetching orders with status ID: 6
2026-02-16 17:36:12,108 | INFO | mintsoft_service | Fetched 13 orders with status ID 6 from Mintsoft
2026-02-16 17:36:12,108 | INFO | mintsoft_service | Fetched 39 orders from Mintsoft
2026-02-16 17:36:12,108 | INFO | mintsoft_service | Starting to match RMA order with Mintsoft orders
2026-02-16 17:36:12,108 | WARNING | mintsoft_service | No matching order found in Mintsoft for RMA order name: None
2026-02-16 17:42:32,113 | INFO | mintsoft_service | Starting to fetch Mintsoft orders
2026-02-16 17:42:32,114 | INFO | mintsoft_service | Fetching orders with status ID: 4
2026-02-16 17:42:33,383 | INFO | mintsoft_service | Fetched 13 orders with status ID 4 from Mintsoft
2026-02-16 17:42:33,383 | INFO | mintsoft_service | Fetching orders with status ID: 5
2026-02-16 17:42:33,818 | INFO | mintsoft_service | Fetched 13 orders with status ID 5 from Mintsoft
2026-02-16 17:42:33,818 | INFO | mintsoft_service | Fetching orders with status ID: 6
2026-02-16 17:42:34,307 | INFO | mintsoft_service | Fetched 13 orders with status ID 6 from Mintsoft
2026-02-16 17:42:34,308 | INFO | mintsoft_service | Fetched 39 orders from Mintsoft (total)
2026-02-16 17:42:34,308 | INFO | mintsoft_service | Starting to match RMA order with Mintsoft orders
2026-02-16 17:42:34,308 | WARNING | mintsoft_service | No matching order found in Mintsoft for RMA order name: None
2026-02-16 17:42:34,308 | INFO | mintsoft_service | Order not found in Mintsoft. Creating EXTERNAL return.
2026-02-16 17:42:34,736 | ERROR | mintsoft_service | Error creating return: 400 Client Error: Bad Request for url: https://api.mintsoft.co.uk/api/Return/CreateExternalReturn
Traceback (most recent call last):
  File "/Users/julia/Documents/Python/TwoBoxesMintsoft/services/mintsoft_service.py", line 71, in create_return
    response = self.client.create_external_return(data=m_return)
  File "/Users/julia/Documents/Python/TwoBoxesMintsoft/clients/mintsoftClient.py", line 75, in create_external_return
    r.raise_for_status()
    ~~~~~~~~~~~~~~~~~~^^
  File "/Users/julia/Documents/Python/TwoBoxesMintsoft/.venv/lib/python3.14/site-packages/requests/models.py", line 1026, in raise_for_status
    raise HTTPError(http_error_msg, response=self)
requests.exceptions.HTTPError: 400 Client Error: Bad Request for url: https://api.mintsoft.co.uk/api/Return/CreateExternalReturn
2026-02-16 17:43:19,844 | INFO | mintsoft_service | Starting to fetch Mintsoft orders
2026-02-16 17:43:19,845 | INFO | mintsoft_service | Fetching orders with status ID: 4
2026-02-16 17:43:20,465 | INFO | mintsoft_service | Fetched 13 orders with status ID 4 from Mintsoft
2026-02-16 17:43:20,465 | INFO | mintsoft_service | Fetching orders with status ID: 5
2026-02-16 17:43:20,971 | INFO | mintsoft_service | Fetched 13 orders with status ID 5 from Mintsoft
2026-02-16 17:43:20,971 | INFO | mintsoft_service | Fetching orders with status ID: 6
2026-02-16 17:43:21,478 | INFO | mintsoft_service | Fetched 13 orders with status ID 6 from Mintsoft
2026-02-16 17:43:21,478 | INFO | mintsoft_service | Fetched 39 orders from Mintsoft (total)
2026-02-16 17:43:21,478 | INFO | mintsoft_service | Starting to match RMA order with Mintsoft orders
2026-02-16 17:43:21,478 | WARNING | mintsoft_service | No matching order found in Mintsoft for RMA order name: None
2026-02-16 17:43:21,478 | INFO | mintsoft_service | Order not found in Mintsoft. Creating EXTERNAL return.
2026-02-16 17:43:21,969 | ERROR | mintsoft_service | Error creating return: 400 Client Error: Bad Request for url: https://api.mintsoft.co.uk/api/Return/CreateExternalReturn
Traceback (most recent call last):
  File "/Users/julia/Documents/Python/TwoBoxesMintsoft/services/mintsoft_service.py", line 72, in create_return
    response = self.client.create_external_return(data=m_return)
  File "/Users/julia/Documents/Python/TwoBoxesMintsoft/clients/mintsoftClient.py", line 75, in create_external_return
    r.raise_for_status()
    ~~~~~~~~~~~~~~~~~~^^
  File "/Users/julia/Documents/Python/TwoBoxesMintsoft/.venv/lib/python3.14/site-packages/requests/models.py", line 1026, in raise_for_status
    raise HTTPError(http_error_msg, response=self)
requests.exceptions.HTTPError: 400 Client Error: Bad Request for url: https://api.mintsoft.co.uk/api/Return/CreateExternalReturn
2026-02-16 17:44:32,762 | INFO | mintsoft_service | Starting to fetch Mintsoft orders
2026-02-16 17:44:32,763 | INFO | mintsoft_service | Fetching orders with status ID: 4
2026-02-16 17:44:33,150 | INFO | mintsoft_service | Fetched 13 orders with status ID 4 from Mintsoft
2026-02-16 17:44:33,151 | INFO | mintsoft_service | Fetching orders with status ID: 5
2026-02-16 17:44:33,749 | INFO | mintsoft_service | Fetched 13 orders with status ID 5 from Mintsoft
2026-02-16 17:44:33,750 | INFO | mintsoft_service | Fetching orders with status ID: 6
2026-02-16 17:44:34,238 | INFO | mintsoft_service | Fetched 13 orders with status ID 6 from Mintsoft
2026-02-16 17:44:34,238 | INFO | mintsoft_service | Fetched 39 orders from Mintsoft (total)
2026-02-16 17:44:34,238 | INFO | mintsoft_service | Starting to match RMA order with Mintsoft orders
2026-02-16 17:44:34,238 | WARNING | mintsoft_service | No matching order found in Mintsoft for RMA order name: None
2026-02-16 17:44:34,238 | INFO | mintsoft_service | Order not found in Mintsoft. Creating EXTERNAL return.
2026-02-16 17:44:34,647 | ERROR | mintsoft_service | Error creating return: 400 Client Error: Bad Request for url: https://api.mintsoft.co.uk/api/Return/CreateExternalReturn
Traceback (most recent call last):
  File "/Users/julia/Documents/Python/TwoBoxesMintsoft/services/mintsoft_service.py", line 72, in create_return
    response = self.client.create_external_return(data=m_return)
  File "/Users/julia/Documents/Python/TwoBoxesMintsoft/clients/mintsoftClient.py", line 75, in create_external_return
    r.raise_for_status()
    ~~~~~~~~~~~~~~~~~~^^
  File "/Users/julia/Documents/Python/TwoBoxesMintsoft/.venv/lib/python3.14/site-packages/requests/models.py", line 1026, in raise_for_status
    raise HTTPError(http_error_msg, response=self)
requests.exceptions.HTTPError: 400 Client Error: Bad Request for url: https://api.mintsoft.co.uk/api/Return/CreateExternalReturn
2026-02-16 17:46:21,774 | INFO | mintsoft_service | Starting to fetch Mintsoft orders
2026-02-16 17:46:21,775 | INFO | mintsoft_service | Fetching orders with status ID: 4
2026-02-16 17:46:22,187 | INFO | mintsoft_service | Fetched 13 orders with status ID 4 from Mintsoft
2026-02-16 17:46:22,187 | INFO | mintsoft_service | Fetching orders with status ID: 5
2026-02-16 17:46:22,751 | INFO | mintsoft_service | Fetched 13 orders with status ID 5 from Mintsoft
2026-02-16 17:46:22,752 | INFO | mintsoft_service | Fetching orders with status ID: 6
2026-02-16 17:46:23,179 | INFO | mintsoft_service | Fetched 13 orders with status ID 6 from Mintsoft
2026-02-16 17:46:23,179 | INFO | mintsoft_service | Fetched 39 orders from Mintsoft (total)
2026-02-16 17:46:23,179 | INFO | mintsoft_service | Starting to match RMA order with Mintsoft orders
2026-02-16 17:46:23,179 | WARNING | mintsoft_service | No matching order found in Mintsoft for RMA order name: None
2026-02-16 17:46:23,179 | INFO | mintsoft_service | Order not found in Mintsoft. Creating EXTERNAL return.
2026-02-16 17:46:23,549 | ERROR | mintsoft_service | Error creating return: 400 Client Error: Bad Request for url: https://api.mintsoft.co.uk/api/Return/CreateExternalReturn
Traceback (most recent call last):
  File "/Users/julia/Documents/Python/TwoBoxesMintsoft/services/mintsoft_service.py", line 72, in create_return
    response = self.client.create_external_return(data=m_return)
  File "/Users/julia/Documents/Python/TwoBoxesMintsoft/clients/mintsoftClient.py", line 75, in create_external_return
    r.raise_for_status()
    ~~~~~~~~~~~~~~~~~~^^
  File "/Users/julia/Documents/Python/TwoBoxesMintsoft/.venv/lib/python3.14/site-packages/requests/models.py", line 1026, in raise_for_status
    raise HTTPError(http_error_msg, response=self)
requests.exceptions.HTTPError: 400 Client Error: Bad Request for url: https://api.mintsoft.co.uk/api/Return/CreateExternalReturn
2026-02-16 17:54:47,911 | INFO | mintsoft_service | Starting to fetch Mintsoft orders
2026-02-16 17:54:47,915 | INFO | mintsoft_service | Fetching orders with status ID: 4
2026-02-16 17:54:48,408 | INFO | mintsoft_service | Fetched 13 orders with status ID 4 from Mintsoft
2026-02-16 17:54:48,409 | INFO | mintsoft_service | Fetching orders with status ID: 5
2026-02-16 17:54:48,915 | INFO | mintsoft_service | Fetched 13 orders with status ID 5 from Mintsoft
2026-02-16 17:54:48,915 | INFO | mintsoft_service | Fetching orders with status ID: 6
2026-02-16 17:54:49,768 | INFO | mintsoft_service | Fetched 13 orders with status ID 6 from Mintsoft
2026-02-16 17:54:49,768 | INFO | mintsoft_service | Fetched 39 orders from Mintsoft (total)
2026-02-16 17:54:49,768 | INFO | mintsoft_service | Starting to match RMA order with Mintsoft orders
2026-02-16 17:54:49,768 | WARNING | mintsoft_service | No matching order found in Mintsoft for RMA order name: None
2026-02-16 17:54:49,768 | INFO | mintsoft_service | Order not found in Mintsoft. Creating EXTERNAL return.
2026-02-16 17:54:50,207 | ERROR | mintsoft_service | Error creating return: 400 Client Error: Bad Request for url: https://api.mintsoft.co.uk/api/Return/CreateExternalReturn
Traceback (most recent call last):
  File "/Users/julia/Documents/Python/TwoBoxesMintsoft/services/mintsoft_service.py", line 72, in create_return
    response = self.client.create_external_return(data=m_return)
  File "/Users/julia/Documents/Python/TwoBoxesMintsoft/clients/mintsoftClient.py", line 75, in create_external_return
    r.raise_for_status()
    ~~~~~~~~~~~~~~~~~~^^
  File "/Users/julia/Documents/Python/TwoBoxesMintsoft/.venv/lib/python3.14/site-packages/requests/models.py", line 1026, in raise_for_status
    raise HTTPError(http_error_msg, response=self)
requests.exceptions.HTTPError: 400 Client Error: Bad Request for url: https://api.mintsoft.co.uk/api/Return/CreateExternalReturn
2026-02-17 11:06:20,758 | INFO | mintsoft_service | Starting to fetch Mintsoft orders
2026-02-17 11:06:20,759 | INFO | mintsoft_service | Fetching orders with status ID: 4
2026-02-17 11:06:23,592 | INFO | mintsoft_service | Fetched 13 orders with status ID 4 from Mintsoft
2026-02-17 11:06:23,592 | INFO | mintsoft_service | Fetching orders with status ID: 5
2026-02-17 11:06:25,922 | INFO | mintsoft_service | Fetched 13 orders with status ID 5 from Mintsoft
2026-02-17 11:06:25,922 | INFO | mintsoft_service | Fetching orders with status ID: 6
2026-02-17 11:06:27,908 | INFO | mintsoft_service | Fetched 13 orders with status ID 6 from Mintsoft
2026-02-17 11:06:27,908 | INFO | mintsoft_service | Fetched 39 orders from Mintsoft (total)
2026-02-17 11:06:27,908 | INFO | mintsoft_service | Starting to match RMA order with Mintsoft orders
2026-02-17 11:06:27,908 | WARNING | mintsoft_service | No matching order found in Mintsoft for RMA order name: None
2026-02-17 11:06:27,908 | INFO | mintsoft_service | Order not found in Mintsoft. Creating EXTERNAL return.
2026-02-17 11:06:30,654 | INFO | mintsoft_service | External return created. Response: {'ID': 35, 'Success': True, 'SensitiveData': None, 'Message': 'External Return Created ID:35', 'WarningMessage': None, 'AllocatedFromReplen': False}
2026-02-17 11:17:02,038 | INFO | mintsoft_service | Starting to fetch Mintsoft orders
2026-02-17 11:17:02,040 | INFO | mintsoft_service | Fetching orders with status ID: 4
2026-02-17 11:17:04,460 | INFO | mintsoft_service | Fetched 13 orders with status ID 4 from Mintsoft
2026-02-17 11:17:04,460 | INFO | mintsoft_service | Fetching orders with status ID: 5
2026-02-17 11:17:06,647 | INFO | mintsoft_service | Fetched 13 orders with status ID 5 from Mintsoft
2026-02-17 11:17:06,647 | INFO | mintsoft_service | Fetching orders with status ID: 6
2026-02-17 11:17:09,248 | INFO | mintsoft_service | Fetched 13 orders with status ID 6 from Mintsoft
2026-02-17 11:17:09,249 | INFO | mintsoft_service | Fetched 39 orders from Mintsoft (total)
2026-02-17 11:17:09,249 | INFO | mintsoft_service | Starting to match RMA order with Mintsoft orders
2026-02-17 11:17:09,250 | WARNING | mintsoft_service | No matching order found in Mintsoft for RMA order name: None
2026-02-17 11:17:09,250 | INFO | mintsoft_service | Order not found in Mintsoft. Creating EXTERNAL return.
2026-02-17 11:17:11,170 | INFO | mintsoft_service | External return created. Response: {'ID': 36, 'Success': True, 'SensitiveData': None, 'Message': 'External Return Created ID:36', 'WarningMessage': None, 'AllocatedFromReplen': False}
2026-02-17 11:43:27,588 | INFO | mintsoft_service | Starting to fetch Mintsoft orders
2026-02-17 11:43:27,589 | INFO | mintsoft_service | Fetching orders with status ID: 4
2026-02-17 11:43:28,914 | INFO | mintsoft_service | Fetched 13 orders with status ID 4 from Mintsoft
2026-02-17 11:43:28,914 | INFO | mintsoft_service | Fetching orders with status ID: 5
2026-02-17 11:43:29,430 | INFO | mintsoft_service | Fetched 13 orders with status ID 5 from Mintsoft
2026-02-17 11:43:29,430 | INFO | mintsoft_service | Fetching orders with status ID: 6
2026-02-17 11:43:29,900 | INFO | mintsoft_service | Fetched 13 orders with status ID 6 from Mintsoft
2026-02-17 11:43:29,901 | INFO | mintsoft_service | Fetched 39 orders from Mintsoft (total)
2026-02-17 11:43:29,901 | INFO | mintsoft_service | Starting to match RMA order with Mintsoft orders
2026-02-17 11:43:29,901 | WARNING | mintsoft_service | No matching order found in Mintsoft for RMA order name: None
2026-02-17 11:43:29,901 | INFO | mintsoft_service | Order not found in Mintsoft. Creating EXTERNAL return.
2026-02-17 11:43:31,118 | INFO | mintsoft_service | External return created. Response: {'ID': 37, 'Success': True, 'SensitiveData': None, 'Message': 'External Return Created ID:37', 'WarningMessage': None, 'AllocatedFromReplen': False}
2026-02-17 11:44:24,405 | INFO | mintsoft_service | Starting to fetch Mintsoft orders
2026-02-17 11:44:24,406 | INFO | mintsoft_service | Fetching orders with status ID: 4
2026-02-17 11:44:25,037 | INFO | mintsoft_service | Fetched 13 orders with status ID 4 from Mintsoft
2026-02-17 11:44:25,037 | INFO | mintsoft_service | Fetching orders with status ID: 5
2026-02-17 11:44:25,809 | INFO | mintsoft_service | Fetched 13 orders with status ID 5 from Mintsoft
2026-02-17 11:44:25,809 | INFO | mintsoft_service | Fetching orders with status ID: 6
2026-02-17 11:44:26,275 | INFO | mintsoft_service | Fetched 13 orders with status ID 6 from Mintsoft
2026-02-17 11:44:26,275 | INFO | mintsoft_service | Fetched 39 orders from Mintsoft (total)
2026-02-17 11:44:26,275 | INFO | mintsoft_service | Starting to match RMA order with Mintsoft orders
2026-02-17 11:44:26,275 | WARNING | mintsoft_service | No matching order found in Mintsoft for RMA order name: None
2026-02-17 11:44:26,275 | INFO | mintsoft_service | Order not found in Mintsoft. Creating EXTERNAL return.
2026-02-17 11:44:26,747 | INFO | mintsoft_service | External return created. Response: {'ID': 38, 'Success': True, 'SensitiveData': None, 'Message': 'External Return Created ID:38', 'WarningMessage': None, 'AllocatedFromReplen': False}
2026-02-17 11:47:40,965 | INFO | mintsoft_service | Starting to fetch Mintsoft orders
2026-02-17 11:47:40,968 | INFO | mintsoft_service | Fetching orders with status ID: 4
2026-02-17 11:47:41,431 | INFO | mintsoft_service | Fetched 13 orders with status ID 4 from Mintsoft
2026-02-17 11:47:41,432 | INFO | mintsoft_service | Fetching orders with status ID: 5
2026-02-17 11:47:41,867 | INFO | mintsoft_service | Fetched 13 orders with status ID 5 from Mintsoft
2026-02-17 11:47:41,867 | INFO | mintsoft_service | Fetching orders with status ID: 6
2026-02-17 11:47:42,307 | INFO | mintsoft_service | Fetched 13 orders with status ID 6 from Mintsoft
2026-02-17 11:47:42,307 | INFO | mintsoft_service | Fetched 39 orders from Mintsoft (total)
2026-02-17 11:47:42,308 | INFO | mintsoft_service | Starting to match RMA order with Mintsoft orders
2026-02-17 11:47:42,308 | WARNING | mintsoft_service | No matching order found in Mintsoft for RMA order name: None
2026-02-17 11:47:42,308 | INFO | mintsoft_service | Order not found in Mintsoft. Creating EXTERNAL return.
2026-02-17 11:47:43,159 | INFO | mintsoft_service | External return created. Response: {'ID': 39, 'Success': True, 'SensitiveData': None, 'Message': 'External Return Created ID:39', 'WarningMessage': None, 'AllocatedFromReplen': False}
2026-02-17 12:07:03,279 | INFO | mintsoft_service | Starting to fetch Mintsoft orders
2026-02-17 12:07:03,281 | INFO | mintsoft_service | Fetching orders with status ID: 4
2026-02-17 12:07:03,757 | INFO | mintsoft_service | Fetched 13 orders with status ID 4 from Mintsoft
2026-02-17 12:07:03,757 | INFO | mintsoft_service | Fetching orders with status ID: 5
2026-02-17 12:07:05,424 | INFO | mintsoft_service | Fetched 13 orders with status ID 5 from Mintsoft
2026-02-17 12:07:05,424 | INFO | mintsoft_service | Fetching orders with status ID: 6
2026-02-17 12:07:05,970 | INFO | mintsoft_service | Fetched 13 orders with status ID 6 from Mintsoft
2026-02-17 12:07:05,970 | INFO | mintsoft_service | Fetched 39 orders from Mintsoft (total)
2026-02-17 12:07:05,970 | INFO | mintsoft_service | Starting to match RMA order with Mintsoft orders
2026-02-17 12:07:05,970 | WARNING | mintsoft_service | No matching order found in Mintsoft for RMA order name: None
2026-02-17 12:07:05,971 | INFO | mintsoft_service | Order not found in Mintsoft. Creating EXTERNAL return.
2026-02-17 12:07:06,664 | INFO | mintsoft_service | External return created. Response: {'ID': 40, 'Success': True, 'SensitiveData': None, 'Message': 'External Return Created ID:40', 'WarningMessage': None, 'AllocatedFromReplen': False}
2026-02-17 12:08:17,447 | INFO | mintsoft_service | Starting to fetch Mintsoft orders
2026-02-17 12:08:17,449 | INFO | mintsoft_service | Fetching orders with status ID: 4
2026-02-17 12:08:18,030 | INFO | mintsoft_service | Fetched 13 orders with status ID 4 from Mintsoft
2026-02-17 12:08:18,030 | INFO | mintsoft_service | Fetching orders with status ID: 5
2026-02-17 12:08:18,532 | INFO | mintsoft_service | Fetched 13 orders with status ID 5 from Mintsoft
2026-02-17 12:08:18,532 | INFO | mintsoft_service | Fetching orders with status ID: 6
2026-02-17 12:08:21,125 | INFO | mintsoft_service | Fetched 13 orders with status ID 6 from Mintsoft
2026-02-17 12:08:21,126 | INFO | mintsoft_service | Fetched 39 orders from Mintsoft (total)
2026-02-17 12:08:21,126 | INFO | mintsoft_service | Starting to match RMA order with Mintsoft orders
2026-02-17 12:08:21,126 | WARNING | mintsoft_service | No matching order found in Mintsoft for RMA order name: None
2026-02-17 12:08:21,126 | INFO | mintsoft_service | Order not found in Mintsoft. Creating EXTERNAL return.
2026-02-17 12:08:21,569 | INFO | mintsoft_service | External return created. Response: {'ID': 41, 'Success': True, 'SensitiveData': None, 'Message': 'External Return Created ID:41', 'WarningMessage': None, 'AllocatedFromReplen': False}
2026-02-18 18:35:52,772 | INFO | mintsoft_service | Starting to fetch Mintsoft orders
2026-02-18 18:35:52,773 | INFO | mintsoft_service | Fetching orders with status ID: 4
2026-02-18 18:35:56,079 | INFO | mintsoft_service | Starting to fetch Mintsoft orders
2026-02-18 18:35:56,079 | INFO | mintsoft_service | Fetching orders with status ID: 4
2026-02-18 18:35:56,580 | INFO | mintsoft_service | Fetched 12 orders with status ID 4 from Mintsoft
2026-02-18 18:35:56,581 | INFO | mintsoft_service | Fetching orders with status ID: 5
2026-02-18 18:35:57,037 | INFO | mintsoft_service | Fetched 12 orders with status ID 5 from Mintsoft
2026-02-18 18:35:57,038 | INFO | mintsoft_service | Fetching orders with status ID: 6
2026-02-18 18:35:57,532 | INFO | mintsoft_service | Fetched 12 orders with status ID 6 from Mintsoft
2026-02-18 18:35:57,533 | INFO | mintsoft_service | Fetched 36 orders from Mintsoft (total)
2026-02-18 18:35:57,533 | INFO | mintsoft_service | Starting to match RMA order with Mintsoft orders
2026-02-18 18:35:57,533 | WARNING | mintsoft_service | No matching order found in Mintsoft for RMA order name: None
2026-02-18 18:35:57,533 | INFO | mintsoft_service | Order not found in Mintsoft. Creating EXTERNAL return.
2026-02-18 18:35:58,045 | INFO | mintsoft_service | External return created with ID: 42
2026-02-18 18:37:13,504 | INFO | mintsoft_service | Starting to fetch Mintsoft orders
2026-02-18 18:37:13,506 | INFO | mintsoft_service | Fetching orders with status ID: 4
2026-02-18 18:37:13,968 | INFO | mintsoft_service | Fetched 12 orders with status ID 4 from Mintsoft
2026-02-18 18:37:13,969 | INFO | mintsoft_service | Fetching orders with status ID: 5
2026-02-18 18:37:14,442 | INFO | mintsoft_service | Fetched 12 orders with status ID 5 from Mintsoft
2026-02-18 18:37:14,442 | INFO | mintsoft_service | Fetching orders with status ID: 6
2026-02-18 18:37:14,848 | INFO | mintsoft_service | Fetched 12 orders with status ID 6 from Mintsoft
2026-02-18 18:37:14,849 | INFO | mintsoft_service | Fetched 36 orders from Mintsoft (total)
2026-02-18 18:37:14,849 | INFO | mintsoft_service | Starting to match RMA order with Mintsoft orders
2026-02-18 18:37:14,849 | WARNING | mintsoft_service | No matching order found in Mintsoft for RMA order name: None
2026-02-18 18:37:14,849 | INFO | mintsoft_service | Order not found in Mintsoft. Creating EXTERNAL return.
2026-02-18 18:37:15,286 | INFO | mintsoft_service | External return created with ID: 43
2026-02-18 18:37:15,286 | INFO | mintsoft_service | Starting to add items to return 43
2026-02-18 18:37:15,286 | INFO | mintsoft_service | Adding item TEST1 to return 43
2026-02-18 18:37:15,286 | ERROR | mintsoft_service | Error adding items to return 43: 'NoneType' object has no attribute 'split'
Traceback (most recent call last):
  File "/Users/julia/Documents/Python/TwoBoxesMintsoft/services/mintsoft_service.py", line 109, in add_return_items
    "ReturnPhotos": item.get("graded_attributes", [{}])[0].get("photo_urls").split(",").strip()
                    ^^^^^^^^^^^^^^^^^^^^^^^^^^^^^^^^^^^^^^^^^^^^^^^^^^^^^^^^^^^^^^
AttributeError: 'NoneType' object has no attribute 'split'
2026-02-18 18:39:20,352 | INFO | mintsoft_service | Starting to fetch Mintsoft orders
2026-02-18 18:39:20,354 | INFO | mintsoft_service | Fetching orders with status ID: 4
2026-02-18 18:39:20,758 | INFO | mintsoft_service | Fetched 12 orders with status ID 4 from Mintsoft
2026-02-18 18:39:20,758 | INFO | mintsoft_service | Fetching orders with status ID: 5
2026-02-18 18:39:21,177 | INFO | mintsoft_service | Fetched 12 orders with status ID 5 from Mintsoft
2026-02-18 18:39:21,177 | INFO | mintsoft_service | Fetching orders with status ID: 6
2026-02-18 18:39:21,593 | INFO | mintsoft_service | Fetched 12 orders with status ID 6 from Mintsoft
2026-02-18 18:39:21,593 | INFO | mintsoft_service | Fetched 36 orders from Mintsoft (total)
2026-02-18 18:39:21,593 | INFO | mintsoft_service | Starting to match RMA order with Mintsoft orders
2026-02-18 18:39:21,593 | WARNING | mintsoft_service | No matching order found in Mintsoft for RMA order name: None
2026-02-18 18:39:21,593 | INFO | mintsoft_service | Order not found in Mintsoft. Creating EXTERNAL return.
2026-02-18 18:39:22,048 | INFO | mintsoft_service | External return created with ID: 44
2026-02-18 18:39:22,048 | INFO | mintsoft_service | Starting to add items to return 44
2026-02-18 18:39:22,048 | INFO | mintsoft_service | Adding item TEST1 to return 44
2026-02-18 18:39:22,048 | ERROR | mintsoft_service | Error adding items to return 44: 'list' object has no attribute 'strip'
Traceback (most recent call last):
  File "/Users/julia/Documents/Python/TwoBoxesMintsoft/services/mintsoft_service.py", line 103, in add_return_items
    item_photos = item.get("graded_attributes", [{}])[0].get("photo_urls").split(",").strip()
                  ^^^^^^^^^^^^^^^^^^^^^^^^^^^^^^^^^^^^^^^^^^^^^^^^^^^^^^^^^^^^^^^^^^^^^^^^^
AttributeError: 'list' object has no attribute 'strip'
2026-02-18 18:39:36,571 | INFO | mintsoft_service | Starting to fetch Mintsoft orders
2026-02-18 18:39:36,571 | INFO | mintsoft_service | Fetching orders with status ID: 4
2026-02-18 18:39:37,811 | INFO | mintsoft_service | Fetched 12 orders with status ID 4 from Mintsoft
2026-02-18 18:39:37,812 | INFO | mintsoft_service | Fetching orders with status ID: 5
2026-02-18 18:39:38,213 | INFO | mintsoft_service | Fetched 12 orders with status ID 5 from Mintsoft
2026-02-18 18:39:38,213 | INFO | mintsoft_service | Fetching orders with status ID: 6
2026-02-18 18:39:38,639 | INFO | mintsoft_service | Fetched 12 orders with status ID 6 from Mintsoft
2026-02-18 18:39:38,639 | INFO | mintsoft_service | Fetched 36 orders from Mintsoft (total)
2026-02-18 18:39:38,639 | INFO | mintsoft_service | Starting to match RMA order with Mintsoft orders
2026-02-18 18:39:38,639 | WARNING | mintsoft_service | No matching order found in Mintsoft for RMA order name: None
2026-02-18 18:39:38,639 | INFO | mintsoft_service | Order not found in Mintsoft. Creating EXTERNAL return.
2026-02-18 18:39:39,043 | INFO | mintsoft_service | External return created with ID: 45
2026-02-18 18:39:39,044 | INFO | mintsoft_service | Starting to add items to return 45
2026-02-18 18:39:39,044 | INFO | mintsoft_service | Adding item TEST1 to return 45
2026-02-18 18:39:39,527 | INFO | mintsoft_service | Added item TEST1 to return 45: {'ID': 0, 'Success': False, 'SensitiveData': None, 'Message': 'An Error Occurred when attempting to: Adding Return Item Error: Object reference not set to an instance of an object.', 'WarningMessage': None, 'AllocatedFromReplen': False}
2026-02-18 18:39:39,527 | INFO | mintsoft_service | Found returns location ID: 5
2026-02-18 18:39:39,880 | ERROR | mintsoft_service | Error adding items to return 45: 404 Client Error: Not Found for url: https://api.mintsoft.co.uk/api/Return/45/Allocate
Traceback (most recent call last):
  File "/Users/julia/Documents/Python/TwoBoxesMintsoft/services/mintsoft_service.py", line 130, in add_return_items
    response = self.client.allocate_return_item_location(return_id, allocation_data)
  File "/Users/julia/Documents/Python/TwoBoxesMintsoft/clients/mintsoftClient.py", line 113, in allocate_return_item_location
    r.raise_for_status()
    ~~~~~~~~~~~~~~~~~~^^
  File "/Users/julia/Documents/Python/TwoBoxesMintsoft/.venv/lib/python3.14/site-packages/requests/models.py", line 1026, in raise_for_status
    raise HTTPError(http_error_msg, response=self)
requests.exceptions.HTTPError: 404 Client Error: Not Found for url: https://api.mintsoft.co.uk/api/Return/45/Allocate
2026-02-18 18:40:27,979 | INFO | mintsoft_service | Starting to fetch Mintsoft orders
2026-02-18 18:40:27,981 | INFO | mintsoft_service | Fetching orders with status ID: 4
2026-02-18 18:40:28,592 | INFO | mintsoft_service | Fetched 12 orders with status ID 4 from Mintsoft
2026-02-18 18:40:28,592 | INFO | mintsoft_service | Fetching orders with status ID: 5
2026-02-18 18:40:28,996 | INFO | mintsoft_service | Fetched 12 orders with status ID 5 from Mintsoft
2026-02-18 18:40:28,997 | INFO | mintsoft_service | Fetching orders with status ID: 6
2026-02-18 18:40:29,413 | INFO | mintsoft_service | Fetched 12 orders with status ID 6 from Mintsoft
2026-02-18 18:40:29,413 | INFO | mintsoft_service | Fetched 36 orders from Mintsoft (total)
2026-02-18 18:40:29,413 | INFO | mintsoft_service | Starting to match RMA order with Mintsoft orders
2026-02-18 18:40:29,413 | WARNING | mintsoft_service | No matching order found in Mintsoft for RMA order name: None
2026-02-18 18:40:29,413 | INFO | mintsoft_service | Order not found in Mintsoft. Creating EXTERNAL return.
2026-02-18 18:40:29,884 | INFO | mintsoft_service | External return created with ID: 46
2026-02-18 18:40:29,885 | INFO | mintsoft_service | Starting to add items to return 46
2026-02-18 18:40:29,885 | INFO | mintsoft_service | Adding item TEST1 to return 46
2026-02-18 18:40:30,347 | INFO | mintsoft_service | Added item TEST1 to return 46: {'ID': 0, 'Success': False, 'SensitiveData': None, 'Message': 'An Error Occurred when attempting to: Adding Return Item Error: Object reference not set to an instance of an object.', 'WarningMessage': None, 'AllocatedFromReplen': False}
2026-02-18 18:40:30,347 | INFO | mintsoft_service | Found returns location ID: 5
2026-02-18 18:40:30,694 | ERROR | mintsoft_service | Error adding items to return 46: 404 Client Error: Not Found for url: https://api.mintsoft.co.uk/api/Return/46/Allocate
Traceback (most recent call last):
  File "/Users/julia/Documents/Python/TwoBoxesMintsoft/services/mintsoft_service.py", line 131, in add_return_items
    response = self.client.allocate_return_item_location(return_id, allocation_data)
  File "/Users/julia/Documents/Python/TwoBoxesMintsoft/clients/mintsoftClient.py", line 113, in allocate_return_item_location
    r.raise_for_status()
    ~~~~~~~~~~~~~~~~~~^^
  File "/Users/julia/Documents/Python/TwoBoxesMintsoft/.venv/lib/python3.14/site-packages/requests/models.py", line 1026, in raise_for_status
    raise HTTPError(http_error_msg, response=self)
requests.exceptions.HTTPError: 404 Client Error: Not Found for url: https://api.mintsoft.co.uk/api/Return/46/Allocate
2026-02-18 18:44:15,893 | INFO | mintsoft_service | Starting to fetch Mintsoft orders
2026-02-18 18:44:15,894 | INFO | mintsoft_service | Fetching orders with status ID: 4
2026-02-18 18:44:17,169 | INFO | mintsoft_service | Fetched 12 orders with status ID 4 from Mintsoft
2026-02-18 18:44:17,169 | INFO | mintsoft_service | Fetching orders with status ID: 5
2026-02-18 18:44:17,567 | INFO | mintsoft_service | Fetched 12 orders with status ID 5 from Mintsoft
2026-02-18 18:44:17,568 | INFO | mintsoft_service | Fetching orders with status ID: 6
2026-02-18 18:44:18,017 | INFO | mintsoft_service | Fetched 12 orders with status ID 6 from Mintsoft
2026-02-18 18:44:18,017 | INFO | mintsoft_service | Fetched 36 orders from Mintsoft (total)
2026-02-18 18:44:18,018 | INFO | mintsoft_service | Starting to match RMA order with Mintsoft orders
2026-02-18 18:44:18,018 | WARNING | mintsoft_service | No matching order found in Mintsoft for RMA order name: None
2026-02-18 18:44:18,018 | INFO | mintsoft_service | Order not found in Mintsoft. Creating EXTERNAL return.
2026-02-18 18:44:18,508 | INFO | mintsoft_service | External return created with ID: 47
2026-02-18 18:44:18,508 | INFO | mintsoft_service | Starting to add items to return 47
2026-02-18 18:44:18,508 | INFO | mintsoft_service | Adding item TEST1 to return 47
2026-02-18 18:44:18,957 | INFO | mintsoft_service | Added item TEST1 to return 47: {'ID': 0, 'Success': False, 'SensitiveData': None, 'Message': 'An Error Occurred when attempting to: Adding Return Item Error: Object reference not set to an instance of an object.', 'WarningMessage': None, 'AllocatedFromReplen': False}
2026-02-18 18:44:18,958 | INFO | mintsoft_service | Found returns location ID: 5
2026-02-18 18:44:19,299 | ERROR | mintsoft_service | Error adding items to return 47: 404 Client Error: Not Found for url: https://api.mintsoft.co.uk/api/Return/47/Allocate
Traceback (most recent call last):
  File "/Users/julia/Documents/Python/TwoBoxesMintsoft/services/mintsoft_service.py", line 131, in add_return_items
    response = self.client.allocate_return_item_location(return_id, allocation_data)
  File "/Users/julia/Documents/Python/TwoBoxesMintsoft/clients/mintsoftClient.py", line 113, in allocate_return_item_location
    r.raise_for_status()
    ~~~~~~~~~~~~~~~~~~^^
  File "/Users/julia/Documents/Python/TwoBoxesMintsoft/.venv/lib/python3.14/site-packages/requests/models.py", line 1026, in raise_for_status
    raise HTTPError(http_error_msg, response=self)
requests.exceptions.HTTPError: 404 Client Error: Not Found for url: https://api.mintsoft.co.uk/api/Return/47/Allocate
2026-02-18 18:44:57,534 | INFO | mintsoft_service | Starting to fetch Mintsoft orders
2026-02-18 18:44:57,536 | INFO | mintsoft_service | Fetching orders with status ID: 4
2026-02-18 18:44:57,946 | INFO | mintsoft_service | Fetched 12 orders with status ID 4 from Mintsoft
2026-02-18 18:44:57,946 | INFO | mintsoft_service | Fetching orders with status ID: 5
2026-02-18 18:44:58,407 | INFO | mintsoft_service | Fetched 12 orders with status ID 5 from Mintsoft
2026-02-18 18:44:58,408 | INFO | mintsoft_service | Fetching orders with status ID: 6
2026-02-18 18:44:58,984 | INFO | mintsoft_service | Fetched 12 orders with status ID 6 from Mintsoft
2026-02-18 18:44:58,984 | INFO | mintsoft_service | Fetched 36 orders from Mintsoft (total)
2026-02-18 18:44:58,984 | INFO | mintsoft_service | Starting to match RMA order with Mintsoft orders
2026-02-18 18:44:58,984 | WARNING | mintsoft_service | No matching order found in Mintsoft for RMA order name: None
2026-02-18 18:44:58,984 | INFO | mintsoft_service | Order not found in Mintsoft. Creating EXTERNAL return.
2026-02-18 18:44:59,419 | INFO | mintsoft_service | External return created with ID: 48
2026-02-18 18:44:59,419 | INFO | mintsoft_service | Starting to add items to return 48
2026-02-18 18:44:59,419 | INFO | mintsoft_service | Adding item TEST1 to return 48
2026-02-18 18:44:59,862 | INFO | mintsoft_service | Added item TEST1 to return 48: {'ID': 0, 'Success': False, 'SensitiveData': None, 'Message': 'An Error Occurred when attempting to: Adding Return Item Error: Object reference not set to an instance of an object.', 'WarningMessage': None, 'AllocatedFromReplen': False}
2026-02-18 18:44:59,863 | INFO | mintsoft_service | Found returns location ID: 5
2026-02-18 18:45:00,211 | ERROR | mintsoft_service | Error adding items to return 48: 404 Client Error: Not Found for url: https://api.mintsoft.co.uk/api/Return/48/Allocate
Traceback (most recent call last):
  File "/Users/julia/Documents/Python/TwoBoxesMintsoft/services/mintsoft_service.py", line 131, in add_return_items
    response = self.client.allocate_return_item_location(return_id, allocation_data)
  File "/Users/julia/Documents/Python/TwoBoxesMintsoft/clients/mintsoftClient.py", line 113, in allocate_return_item_location
    r.raise_for_status()
    ~~~~~~~~~~~~~~~~~~^^
  File "/Users/julia/Documents/Python/TwoBoxesMintsoft/.venv/lib/python3.14/site-packages/requests/models.py", line 1026, in raise_for_status
    raise HTTPError(http_error_msg, response=self)
requests.exceptions.HTTPError: 404 Client Error: Not Found for url: https://api.mintsoft.co.uk/api/Return/48/Allocate
